<?xml version="1.0" encoding="UTF-8"?>
<!-- Generated by org.testng.reporters.JUnitReportReporter -->
<testsuite hostname="Ajay" failures="0" tests="4" name="ToolsQA.qa.Testcases.ElementsTabTest" time="2.165" errors="1" timestamp="2024-08-02T12:13:00 IST" skipped="3">
  <testcase classname="ToolsQA.qa.Testcases.ElementsTabTest" name="setUP" time="2.163">
    <error message="Cannot invoke &quot;java.util.Properties.getProperty(String)&quot; because &quot;this.configTestData&quot; is null" type="java.lang.NullPointerException">
      <![CDATA[java.lang.NullPointerException: Cannot invoke "java.util.Properties.getProperty(String)" because "this.configTestData" is null
at ToolsQA.qa.Base.BaseClass.InitializeBrowserOpenURL(BaseClass.java:70)
at ToolsQA.qa.Testcases.ElementsTabTest.setUP(ElementsTabTest.java:23)
at java.base/jdk.internal.reflect.DirectMethodHandleAccessor.invoke(DirectMethodHandleAccessor.java:103)
at java.base/java.lang.reflect.Method.invoke(Method.java:580)
at org.testng.internal.invokers.MethodInvocationHelper.invokeMethod(MethodInvocationHelper.java:141)
at org.testng.internal.invokers.MethodInvocationHelper.invokeMethodConsideringTimeout(MethodInvocationHelper.java:71)
at org.testng.internal.invokers.ConfigInvoker.invokeConfigurationMethod(ConfigInvoker.java:400)
at org.testng.internal.invokers.ConfigInvoker.invokeConfigurations(ConfigInvoker.java:333)
at org.testng.internal.invokers.TestInvoker.runConfigMethods(TestInvoker.java:833)
at org.testng.internal.invokers.TestInvoker.invokeMethod(TestInvoker.java:600)
at org.testng.internal.invokers.TestInvoker.invokeTestMethod(TestInvoker.java:230)
at org.testng.internal.invokers.MethodRunner.runInSequence(MethodRunner.java:63)
at org.testng.internal.invokers.TestInvoker$MethodInvocationAgent.invoke(TestInvoker.java:992)
at org.testng.internal.invokers.TestInvoker.invokeTestMethods(TestInvoker.java:203)
at org.testng.internal.invokers.TestMethodWorker.invokeTestMethods(TestMethodWorker.java:154)
at org.testng.internal.invokers.TestMethodWorker.run(TestMethodWorker.java:134)
at java.base/java.util.ArrayList.forEach(ArrayList.java:1597)
at org.testng.TestRunner.privateRun(TestRunner.java:739)
at org.testng.TestRunner.run(TestRunner.java:614)
at org.testng.SuiteRunner.runTest(SuiteRunner.java:421)
at org.testng.SuiteRunner.runSequentially(SuiteRunner.java:413)
at org.testng.SuiteRunner.privateRun(SuiteRunner.java:373)
at org.testng.SuiteRunner.run(SuiteRunner.java:312)
at org.testng.SuiteRunnerWorker.runSuite(SuiteRunnerWorker.java:52)
at org.testng.SuiteRunnerWorker.run(SuiteRunnerWorker.java:95)
at org.testng.TestNG.runSuitesSequentially(TestNG.java:1274)
at org.testng.TestNG.runSuitesLocally(TestNG.java:1208)
at org.testng.TestNG.runSuites(TestNG.java:1112)
at org.testng.TestNG.run(TestNG.java:1079)
at org.testng.remote.AbstractRemoteTestNG.run(AbstractRemoteTestNG.java:115)
at org.testng.remote.RemoteTestNG.initAndRun(RemoteTestNG.java:293)
at org.testng.remote.RemoteTestNG.main(RemoteTestNG.java:91)
]]>
    </error>
  </testcase> <!-- setUP -->
  <testcase classname="ToolsQA.qa.Testcases.ElementsTabTest" name="verifyElementsTabIsExpandingAndCollapsing" time="0.002">
    <skipped/>
  </testcase> <!-- verifyElementsTabIsExpandingAndCollapsing -->
  <testcase classname="ToolsQA.qa.Testcases.ElementsTabTest" name="verifyTextBoxItemIsClickable" time="0.000">
    <skipped/>
  </testcase> <!-- verifyTextBoxItemIsClickable -->
  <testcase classname="ToolsQA.qa.Testcases.ElementsTabTest" name="verifyToEnterValueInTextbox" time="0.000">
    <skipped/>
  </testcase> <!-- verifyToEnterValueInTextbox -->
</testsuite> <!-- ToolsQA.qa.Testcases.ElementsTabTest -->
